{"/Users/craig/Developer/Public/watchable-object.js/lib/index.js":{"path":"/Users/craig/Developer/Public/watchable-object.js/lib/index.js","s":{"1":1,"2":1,"3":10,"4":5,"5":5,"6":1,"7":3,"8":0,"9":3,"10":1,"11":2,"12":2,"13":1,"14":2,"15":5,"16":5,"17":3,"18":2,"19":5,"20":5,"21":5,"22":4,"23":4,"24":2,"25":2,"26":2,"27":2,"28":3,"29":1},"b":{"1":[5,5],"2":[0,3],"3":[1,2],"4":[1,1],"5":[3,2],"6":[2,2],"7":[4,2],"8":[2,0]},"f":{"1":10,"2":3,"3":5,"4":0},"fnMap":{"1":{"name":"WatchableObject","line":3,"loc":{"start":{"line":3,"column":0},"end":{"line":3,"column":37}}},"2":{"name":"(anonymous_2)","line":22,"loc":{"start":{"line":22,"column":7},"end":{"line":22,"column":26}}},"3":{"name":"(anonymous_3)","line":42,"loc":{"start":{"line":42,"column":7},"end":{"line":42,"column":33}}},"4":{"name":"(anonymous_4)","line":70,"loc":{"start":{"line":70,"column":17},"end":{"line":70,"column":38}}}},"statementMap":{"1":{"start":{"line":1,"column":0},"end":{"line":1,"column":39}},"2":{"start":{"line":3,"column":0},"end":{"line":9,"column":1}},"3":{"start":{"line":4,"column":2},"end":{"line":8,"column":3}},"4":{"start":{"line":5,"column":4},"end":{"line":7,"column":5}},"5":{"start":{"line":6,"column":6},"end":{"line":6,"column":34}},"6":{"start":{"line":11,"column":0},"end":{"line":73,"column":3}},"7":{"start":{"line":24,"column":4},"end":{"line":26,"column":5}},"8":{"start":{"line":25,"column":6},"end":{"line":25,"column":36}},"9":{"start":{"line":28,"column":4},"end":{"line":28,"column":55}},"10":{"start":{"line":28,"column":33},"end":{"line":28,"column":55}},"11":{"start":{"line":30,"column":4},"end":{"line":30,"column":15}},"12":{"start":{"line":32,"column":4},"end":{"line":34,"column":5}},"13":{"start":{"line":33,"column":6},"end":{"line":33,"column":115}},"14":{"start":{"line":36,"column":4},"end":{"line":36,"column":24}},"15":{"start":{"line":43,"column":4},"end":{"line":43,"column":16}},"16":{"start":{"line":45,"column":4},"end":{"line":49,"column":5}},"17":{"start":{"line":46,"column":6},"end":{"line":46,"column":36}},"18":{"start":{"line":48,"column":6},"end":{"line":48,"column":25}},"19":{"start":{"line":51,"column":4},"end":{"line":51,"column":18}},"20":{"start":{"line":52,"column":4},"end":{"line":52,"column":11}},"21":{"start":{"line":54,"column":4},"end":{"line":62,"column":5}},"22":{"start":{"line":55,"column":6},"end":{"line":55,"column":26}},"23":{"start":{"line":56,"column":6},"end":{"line":60,"column":7}},"24":{"start":{"line":57,"column":8},"end":{"line":57,"column":51}},"25":{"start":{"line":58,"column":13},"end":{"line":60,"column":7}},"26":{"start":{"line":59,"column":8},"end":{"line":59,"column":33}},"27":{"start":{"line":61,"column":6},"end":{"line":61,"column":14}},"28":{"start":{"line":64,"column":4},"end":{"line":64,"column":27}},"29":{"start":{"line":75,"column":0},"end":{"line":75,"column":33}}},"branchMap":{"1":{"line":4,"type":"if","locations":[{"start":{"line":4,"column":2},"end":{"line":4,"column":2}},{"start":{"line":4,"column":2},"end":{"line":4,"column":2}}]},"2":{"line":24,"type":"if","locations":[{"start":{"line":24,"column":4},"end":{"line":24,"column":4}},{"start":{"line":24,"column":4},"end":{"line":24,"column":4}}]},"3":{"line":28,"type":"if","locations":[{"start":{"line":28,"column":4},"end":{"line":28,"column":4}},{"start":{"line":28,"column":4},"end":{"line":28,"column":4}}]},"4":{"line":32,"type":"if","locations":[{"start":{"line":32,"column":4},"end":{"line":32,"column":4}},{"start":{"line":32,"column":4},"end":{"line":32,"column":4}}]},"5":{"line":45,"type":"if","locations":[{"start":{"line":45,"column":4},"end":{"line":45,"column":4}},{"start":{"line":45,"column":4},"end":{"line":45,"column":4}}]},"6":{"line":56,"type":"if","locations":[{"start":{"line":56,"column":6},"end":{"line":56,"column":6}},{"start":{"line":56,"column":6},"end":{"line":56,"column":6}}]},"7":{"line":56,"type":"binary-expr","locations":[{"start":{"line":56,"column":10},"end":{"line":56,"column":12}},{"start":{"line":56,"column":16},"end":{"line":56,"column":22}}]},"8":{"line":58,"type":"if","locations":[{"start":{"line":58,"column":13},"end":{"line":58,"column":13}},{"start":{"line":58,"column":13},"end":{"line":58,"column":13}}]}}}}