TN:
SF:/Users/craig/Developer/Public/watchable-object.js/lib/index.js
FN:3,WatchableObject
FN:22,(anonymous_2)
FN:42,(anonymous_3)
FN:70,(anonymous_4)
FNF:4
FNH:3
FNDA:10,WatchableObject
FNDA:3,(anonymous_2)
FNDA:5,(anonymous_3)
FNDA:0,(anonymous_4)
DA:1,1
DA:3,1
DA:4,10
DA:5,5
DA:6,5
DA:11,1
DA:24,3
DA:25,0
DA:28,3
DA:30,2
DA:32,2
DA:33,1
DA:36,2
DA:43,5
DA:45,5
DA:46,3
DA:48,2
DA:51,5
DA:52,5
DA:54,5
DA:55,4
DA:56,4
DA:57,2
DA:58,2
DA:59,2
DA:61,2
DA:64,3
DA:75,1
LF:28
LH:27
BRDA:4,1,0,5
BRDA:4,1,1,5
BRDA:24,2,0,0
BRDA:24,2,1,3
BRDA:28,3,0,1
BRDA:28,3,1,2
BRDA:32,4,0,1
BRDA:32,4,1,1
BRDA:45,5,0,3
BRDA:45,5,1,2
BRDA:56,6,0,2
BRDA:56,6,1,2
BRDA:56,7,0,4
BRDA:56,7,1,2
BRDA:58,8,0,2
BRDA:58,8,1,0
BRF:16
BRH:14
end_of_record
